# JRE version: Java(TM) SE Runtime Environment (15.0.1+9) (build 15.0.1+9-18)
# Java VM: Java HotSpot(TM) 64-Bit Server VM (15.0.1+9-18, mixed mode, sharing, tiered, compressed oops, g1 gc, windows-amd64)
GC Precious Log:
 CPUs: 4 total, 4 available
 Memory: 3963M
 Large Page Support: Disabled
 NUMA Support: Disabled
 Compressed Oops: Enabled (32-bit)
 Heap Region Size: 1M
 Heap Min Capacity: 8M
 Heap Initial Capacity: 62M
 Heap Max Capacity: 992M
 Pre-touch: Disabled
 Parallel Workers: 4
 Concurrent Workers: 1
 Concurrent Refinement Workers: 4
 Periodic GC: Disabled
Heap:
 garbage-first heap   total 77824K, used 62495K [0x00000000c2000000, 0x0000000100000000)
  region size 1024K, 29 young (29696K), 1 survivors (1024K)
 Metaspace       used 50374K, capacity 51013K, committed 51248K, reserved 1093632K
  class space    used 6696K, capacity 6932K, committed 7040K, reserved 1048576K
GC Heap History (20 events):
Event: 7.170 GC heap after
{Heap after GC invocations=9 (full 0):
 garbage-first heap   total 53248K, used 23904K [0x00000000c2000000, 0x0000000100000000)
  region size 1024K, 4 young (4096K), 4 survivors (4096K)
 Metaspace       used 25748K, capacity 26169K, committed 26544K, reserved 1073152K
  class space    used 3359K, capacity 3470K, committed 3584K, reserved 1048576K
}
Event: 7.518 GC heap before
{Heap before GC invocations=9 (full 0):
 garbage-first heap   total 53248K, used 39264K [0x00000000c2000000, 0x0000000100000000)
  region size 1024K, 18 young (18432K), 4 survivors (4096K)
 Metaspace       used 26175K, capacity 26629K, committed 26800K, reserved 1073152K
  class space    used 3395K, capacity 3536K, committed 3584K, reserved 1048576K
}
Event: 7.532 GC heap after
{Heap after GC invocations=10 (full 0):
 garbage-first heap   total 64512K, used 20477K [0x00000000c2000000, 0x0000000100000000)
  region size 1024K, 1 young (1024K), 1 survivors (1024K)
 Metaspace       used 26175K, capacity 26629K, committed 26800K, reserved 1073152K
  class space    used 3395K, capacity 3536K, committed 3584K, reserved 1048576K
}
Event: 8.152 GC heap before
{Heap before GC invocations=10 (full 0):
 garbage-first heap   total 64512K, used 51197K [0x00000000c2000000, 0x0000000100000000)
  region size 1024K, 27 young (27648K), 1 survivors (1024K)
 Metaspace       used 27280K, capacity 27773K, committed 27952K, reserved 1073152K
  class space    used 3540K, capacity 3660K, committed 3712K, reserved 1048576K
}
Event: 8.158 GC heap after
{Heap after GC invocations=11 (full 0):
 garbage-first heap   total 64512K, used 20722K [0x00000000c2000000, 0x0000000100000000)
  region size 1024K, 1 young (1024K), 1 survivors (1024K)
 Metaspace       used 27280K, capacity 27773K, committed 27952K, reserved 1073152K
  class space    used 3540K, capacity 3660K, committed 3712K, reserved 1048576K
}
Event: 9.162 GC heap before
{Heap before GC invocations=11 (full 0):
 garbage-first heap   total 64512K, used 48370K [0x00000000c2000000, 0x0000000100000000)
  region size 1024K, 28 young (28672K), 1 survivors (1024K)
 Metaspace       used 32089K, capacity 32710K, committed 32816K, reserved 1077248K
  class space    used 4231K, capacity 4398K, committed 4480K, reserved 1048576K
}
Event: 9.178 GC heap after
{Heap after GC invocations=12 (full 0):
 garbage-first heap   total 64512K, used 23610K [0x00000000c2000000, 0x0000000100000000)
  region size 1024K, 4 young (4096K), 4 survivors (4096K)
 Metaspace       used 32089K, capacity 32710K, committed 32816K, reserved 1077248K
  class space    used 4231K, capacity 4398K, committed 4480K, reserved 1048576K
}
Event: 9.821 GC heap before
{Heap before GC invocations=12 (full 0):
 garbage-first heap   total 64512K, used 44090K [0x00000000c2000000, 0x0000000100000000)
  region size 1024K, 26 young (26624K), 4 survivors (4096K)
 Metaspace       used 35312K, capacity 35878K, committed 35920K, reserved 1081344K
  class space    used 4664K, capacity 4856K, committed 4864K, reserved 1048576K
}
Event: 9.840 GC heap after
{Heap after GC invocations=13 (full 0):
 garbage-first heap   total 64512K, used 25245K [0x00000000c2000000, 0x0000000100000000)
  region size 1024K, 2 young (2048K), 2 survivors (2048K)
 Metaspace       used 35312K, capacity 35878K, committed 35920K, reserved 1081344K
  class space    used 4664K, capacity 4856K, committed 4864K, reserved 1048576K
}
Event: 10.572 GC heap before
{Heap before GC invocations=14 (full 0):
 garbage-first heap   total 64512K, used 48797K [0x00000000c2000000, 0x0000000100000000)
  region size 1024K, 26 young (26624K), 2 survivors (2048K)
 Metaspace       used 38441K, capacity 38996K, committed 39088K, reserved 1083392K
  class space    used 5149K, capacity 5350K, committed 5376K, reserved 1048576K
}
Event: 10.585 GC heap after
{Heap after GC invocations=15 (full 0):
 garbage-first heap   total 64512K, used 26918K [0x00000000c2000000, 0x0000000100000000)
  region size 1024K, 4 young (4096K), 4 survivors (4096K)
 Metaspace       used 38441K, capacity 38996K, committed 39088K, reserved 1083392K
  class space    used 5149K, capacity 5350K, committed 5376K, reserved 1048576K
}
Event: 11.569 GC heap before
{Heap before GC invocations=16 (full 0):
 garbage-first heap   total 64512K, used 50470K [0x00000000c2000000, 0x0000000100000000)
  region size 1024K, 27 young (27648K), 4 survivors (4096K)
 Metaspace       used 41818K, capacity 42389K, committed 42672K, reserved 1085440K
  class space    used 5566K, capacity 5775K, committed 5888K, reserved 1048576K
}
Event: 11.589 GC heap after
{Heap after GC invocations=17 (full 0):
 garbage-first heap   total 77824K, used 28730K [0x00000000c2000000, 0x0000000100000000)
  region size 1024K, 4 young (4096K), 4 survivors (4096K)
 Metaspace       used 41818K, capacity 42389K, committed 42672K, reserved 1085440K
  class space    used 5566K, capacity 5775K, committed 5888K, reserved 1048576K
}
Event: 13.017 GC heap before
{Heap before GC invocations=17 (full 0):
 garbage-first heap   total 77824K, used 59450K [0x00000000c2000000, 0x0000000100000000)
  region size 1024K, 34 young (34816K), 4 survivors (4096K)
 Metaspace       used 43276K, capacity 43916K, committed 44208K, reserved 1087488K
  class space    used 5794K, capacity 6022K, committed 6144K, reserved 1048576K
}
Event: 13.033 GC heap after
{Heap after GC invocations=18 (full 0):
 garbage-first heap   total 77824K, used 30344K [0x00000000c2000000, 0x0000000100000000)
  region size 1024K, 4 young (4096K), 4 survivors (4096K)
 Metaspace       used 43276K, capacity 43916K, committed 44208K, reserved 1087488K
  class space    used 5794K, capacity 6022K, committed 6144K, reserved 1048576K
}
Event: 47.309 GC heap before
{Heap before GC invocations=18 (full 0):
 garbage-first heap   total 77824K, used 59016K [0x00000000c2000000, 0x0000000100000000)
  region size 1024K, 33 young (33792K), 4 survivors (4096K)
 Metaspace       used 49287K, capacity 49906K, committed 49968K, reserved 1093632K
  class space    used 6539K, capacity 6759K, committed 6784K, reserved 1048576K
}
Event: 47.333 GC heap after
{Heap after GC invocations=19 (full 0):
 garbage-first heap   total 77824K, used 33128K [0x00000000c2000000, 0x0000000100000000)
  region size 1024K, 5 young (5120K), 5 survivors (5120K)
 Metaspace       used 49287K, capacity 49906K, committed 49968K, reserved 1093632K
  class space    used 6539K, capacity 6759K, committed 6784K, reserved 1048576K
}
Event: 360.835 GC heap before
{Heap before GC invocations=19 (full 0):
 garbage-first heap   total 77824K, used 59752K [0x00000000c2000000, 0x0000000100000000)
  region size 1024K, 32 young (32768K), 5 survivors (5120K)
 Metaspace       used 50365K, capacity 50998K, committed 51248K, reserved 1093632K
  class space    used 6694K, capacity 6929K, committed 7040K, reserved 1048576K
}
Event: 360.853 GC heap after
{Heap after GC invocations=20 (full 0):
 garbage-first heap   total 77824K, used 33823K [0x00000000c2000000, 0x0000000100000000)
  region size 1024K, 1 young (1024K), 1 survivors (1024K)
 Metaspace       used 50365K, capacity 50998K, committed 51248K, reserved 1093632K
  class space    used 6694K, capacity 6929K, committed 7040K, reserved 1048576K
}
Event: 839.198 GC heap before
{Heap before GC invocations=20 (full 0):
 garbage-first heap   total 77824K, used 62495K [0x00000000c2000000, 0x0000000100000000)
  region size 1024K, 29 young (29696K), 1 survivors (1024K)
 Metaspace       used 50374K, capacity 51013K, committed 51248K, reserved 1093632K
  class space    used 6696K, capacity 6932K, committed 7040K, reserved 1048576K
}

